18:49:12 BattlEye Server: Initialized (v1.219, ArmA 2 OA 1.64.144629)
18:49:12 Host identity created.
18:49:12 Game Port: 2302, Steam Query Port: 2303
18:49:20 BattlEye Server: Player #0 Sp3ctr3 (192.168.40.252:2316) connected
18:49:20 Player Sp3ctr3 connecting.
18:49:20 Mission Takistan Life - Rise Gaming read from bank.
18:49:21 BattlEye Server: Connected to BE Master
18:49:23 BattlEye Server: Player #0 Sp3ctr3 - BE GUID: 194ed14bef0a85cc94aa41672fff9341
18:49:24 Player Sp3ctr3 connected (id=76561198040220206).
18:49:25 BattlEye Server: Verified GUID (194ed14bef0a85cc94aa41672fff9341) of player #0 Sp3ctr3
18:49:27 Player Sp3ctr3 disconnected.
18:49:27 BattlEye Server: Player #0 Sp3ctr3 disconnected
18:49:27 All users disconnected, waiting for users.
18:51:24 BattlEye Server: Player #0 Sp3ctr3 (192.168.40.252:2316) connected
18:51:24 Player Sp3ctr3 connecting.
18:51:24 Mission Takistan Life - Rise Gaming read from bank.
18:51:26 BattlEye Server: Player #0 Sp3ctr3 - BE GUID: 194ed14bef0a85cc94aa41672fff9341
18:51:27 Player Sp3ctr3 connected (id=76561198040220206).
18:51:27 BattlEye Server: Verified GUID (194ed14bef0a85cc94aa41672fff9341) of player #0 Sp3ctr3
18:51:42 Roles assigned.
18:51:42 Reading mission ...
18:52:39 Mission read.
18:52:39 BattlEye Server: Failed to receive from BE Master (0)
18:52:39 BattlEye Server: Disconnected from BE Master
18:52:58 Game started.
18:53:33 BattlEye Server: Master query timed out, no response from BE Master
18:54:34 BattlEye Server: Connected to BE Master
19:24:38 Player Sp3ctr3 disconnected.
19:24:38 BattlEye Server: Player #0 Sp3ctr3 disconnected
19:28:40 BattlEye Server: Initialized (v1.219, ArmA 2 OA 1.64.144629)
19:28:40 Host identity created.
19:28:40 Game Port: 2302, Steam Query Port: 2303
19:28:45 BattlEye Server: Player #0 Sp3ctr3 (192.168.40.252:2316) connected
19:28:45 Player Sp3ctr3 connecting.
19:28:45 Mission rgkl.takistan read from bank.
19:28:45 Mission rgkl.takistan read from bank.
19:28:46 Mission rgkl.takistan read from bank.
19:28:46 BattlEye Server: Connected to BE Master
19:28:46 Mission rgkl.takistan read from bank.
19:28:46 Mission rgkl.takistan read from bank.
19:28:47 Mission rgkl.takistan read from bank.
19:28:47 Mission rgkl.takistan read from bank.
19:28:48 Mission rgkl.takistan read from bank.
19:28:48 Mission rgkl.takistan read from bank.
19:28:48 BattlEye Server: Player #0 Sp3ctr3 - BE GUID: 194ed14bef0a85cc94aa41672fff9341
19:28:48 Mission rgkl.takistan read from bank.
19:28:49 Mission rgkl.takistan read from bank.
19:28:49 Mission rgkl.takistan read from bank.
19:28:49 Mission rgkl.takistan read from bank.
19:28:50 Player Sp3ctr3 connected (id=76561198040220206).
19:28:50 BattlEye Server: Verified GUID (194ed14bef0a85cc94aa41672fff9341) of player #0 Sp3ctr3
19:28:50 Mission rgkl.takistan read from bank.
19:28:50 Mission rgkl.takistan read from bank.
19:28:51 Mission rgkl.takistan read from bank.
19:28:51 Mission rgkl.takistan read from bank.
19:28:51 Mission rgkl.takistan read from bank.
19:28:52 Mission rgkl.takistan read from bank.
19:28:52 Mission rgkl.takistan read from bank.
19:28:53 Mission rgkl.takistan read from bank.
19:28:53 Mission rgkl.takistan read from bank.
19:28:53 Mission rgkl.takistan read from bank.
19:28:54 Mission rgkl.takistan read from bank.
19:28:54 Mission rgkl.takistan read from bank.
19:28:55 Mission rgkl.takistan read from bank.
19:28:55 Mission rgkl.takistan read from bank.
19:28:55 Mission rgkl.takistan read from bank.
19:28:56 Mission rgkl.takistan read from bank.
19:28:56 Mission rgkl.takistan read from bank.
19:28:56 Mission rgkl.takistan read from bank.
19:28:57 Mission rgkl.takistan read from bank.
19:28:57 Mission rgkl.takistan read from bank.
19:28:57 Mission rgkl.takistan read from bank.
19:28:58 Mission rgkl.takistan read from bank.
19:28:58 Mission rgkl.takistan read from bank.
19:28:59 Mission rgkl.takistan read from bank.
19:28:59 Mission rgkl.takistan read from bank.
19:29:00 Mission rgkl.takistan read from bank.
19:29:00 Mission rgkl.takistan read from bank.
19:29:00 Mission rgkl.takistan read from bank.
19:29:01 Mission rgkl.takistan read from bank.
19:29:01 Mission rgkl.takistan read from bank.
19:29:01 Mission rgkl.takistan read from bank.
19:29:02 Mission rgkl.takistan read from bank.
19:29:02 Mission rgkl.takistan read from bank.
19:29:03 Mission rgkl.takistan read from bank.
19:29:03 Mission rgkl.takistan read from bank.
19:29:03 Mission rgkl.takistan read from bank.
19:29:04 Mission rgkl.takistan read from bank.
19:29:04 Mission rgkl.takistan read from bank.
19:29:05 Mission rgkl.takistan read from bank.
19:29:05 Mission rgkl.takistan read from bank.
19:29:05 Mission rgkl.takistan read from bank.
19:29:06 Mission rgkl.takistan read from bank.
19:29:06 Mission rgkl.takistan read from bank.
19:29:07 Mission rgkl.takistan read from bank.
19:29:07 Mission rgkl.takistan read from bank.
19:29:07 Mission rgkl.takistan read from bank.
19:29:08 Mission rgkl.takistan read from bank.
19:29:08 Mission rgkl.takistan read from bank.
19:29:09 Mission rgkl.takistan read from bank.
19:29:09 Mission rgkl.takistan read from bank.
19:29:09 Mission rgkl.takistan read from bank.
19:29:10 Mission rgkl.takistan read from bank.
19:29:10 Mission rgkl.takistan read from bank.
19:29:11 Mission rgkl.takistan read from bank.
19:29:11 Mission rgkl.takistan read from bank.
19:29:11 Mission rgkl.takistan read from bank.
19:29:12 Mission rgkl.takistan read from bank.
19:29:12 Mission rgkl.takistan read from bank.
19:29:12 Mission rgkl.takistan read from bank.
19:29:13 Mission rgkl.takistan read from bank.
19:29:13 Mission rgkl.takistan read from bank.
19:29:13 Mission rgkl.takistan read from bank.
19:29:14 Mission rgkl.takistan read from bank.
19:29:14 Mission rgkl.takistan read from bank.
19:29:15 Mission rgkl.takistan read from bank.
19:29:15 Mission rgkl.takistan read from bank.
19:29:15 Mission rgkl.takistan read from bank.
19:29:16 Mission rgkl.takistan read from bank.
19:29:16 Mission rgkl.takistan read from bank.
19:29:16 Mission rgkl.takistan read from bank.
19:29:17 Mission rgkl.takistan read from bank.
19:29:17 Mission rgkl.takistan read from bank.
19:29:18 Mission rgkl.takistan read from bank.
19:29:18 Mission rgkl.takistan read from bank.
19:29:18 Mission rgkl.takistan read from bank.
19:29:19 Mission rgkl.takistan read from bank.
19:29:19 Mission rgkl.takistan read from bank.
19:29:19 Mission rgkl.takistan read from bank.
19:29:20 Mission rgkl.takistan read from bank.
19:29:20 Mission rgkl.takistan read from bank.
19:29:21 Mission rgkl.takistan read from bank.
19:29:21 Mission rgkl.takistan read from bank.
19:29:21 Mission rgkl.takistan read from bank.
19:29:22 Mission rgkl.takistan read from bank.
19:29:22 Mission rgkl.takistan read from bank.
19:29:23 Mission rgkl.takistan read from bank.
19:29:24 Mission rgkl.takistan read from bank.
19:29:24 Mission rgkl.takistan read from bank.
19:29:25 Mission rgkl.takistan read from bank.
19:29:25 Mission rgkl.takistan read from bank.
19:29:26 Mission rgkl.takistan read from bank.
19:29:26 Mission rgkl.takistan read from bank.
19:29:26 Mission rgkl.takistan read from bank.
19:29:27 Mission rgkl.takistan read from bank.
19:29:27 Mission rgkl.takistan read from bank.
19:29:27 Mission rgkl.takistan read from bank.
19:29:28 Mission rgkl.takistan read from bank.
19:29:28 Mission rgkl.takistan read from bank.
19:29:28 Mission rgkl.takistan read from bank.
19:29:29 Mission rgkl.takistan read from bank.
19:29:29 Mission rgkl.takistan read from bank.
19:29:30 Mission rgkl.takistan read from bank.
19:29:30 Mission rgkl.takistan read from bank.
19:29:30 Mission rgkl.takistan read from bank.
19:29:31 Mission rgkl.takistan read from bank.
19:29:31 Mission rgkl.takistan read from bank.
19:29:32 Mission rgkl.takistan read from bank.
19:29:32 Mission rgkl.takistan read from bank.
19:29:32 Mission rgkl.takistan read from bank.
19:29:33 Mission rgkl.takistan read from bank.
19:29:33 Mission rgkl.takistan read from bank.
19:29:33 Mission rgkl.takistan read from bank.
19:29:34 Mission rgkl.takistan read from bank.
19:29:34 Mission rgkl.takistan read from bank.
19:29:34 Mission rgkl.takistan read from bank.
19:29:35 Mission rgkl.takistan read from bank.
19:29:35 Mission rgkl.takistan read from bank.
19:29:36 Mission rgkl.takistan read from bank.
19:29:36 Mission rgkl.takistan read from bank.
19:29:36 Mission rgkl.takistan read from bank.
19:29:37 Mission rgkl.takistan read from bank.
19:29:37 Mission rgkl.takistan read from bank.
19:29:37 Mission rgkl.takistan read from bank.
19:29:38 Mission rgkl.takistan read from bank.
19:29:38 Mission rgkl.takistan read from bank.
19:29:38 Mission rgkl.takistan read from bank.
19:29:39 Mission rgkl.takistan read from bank.
19:29:39 Mission rgkl.takistan read from bank.
19:29:39 Mission rgkl.takistan read from bank.
19:29:40 Mission rgkl.takistan read from bank.
19:29:40 Mission rgkl.takistan read from bank.
19:29:41 Mission rgkl.takistan read from bank.
19:29:41 Mission rgkl.takistan read from bank.
19:29:41 Mission rgkl.takistan read from bank.
19:29:42 Mission rgkl.takistan read from bank.
19:29:42 Mission rgkl.takistan read from bank.
19:29:42 Mission rgkl.takistan read from bank.
19:29:43 Mission rgkl.takistan read from bank.
19:29:43 Mission rgkl.takistan read from bank.
19:29:43 Mission rgkl.takistan read from bank.
19:29:44 Mission rgkl.takistan read from bank.
19:29:44 Mission rgkl.takistan read from bank.
19:29:45 Mission rgkl.takistan read from bank.
19:29:45 Mission rgkl.takistan read from bank.
19:29:45 Mission rgkl.takistan read from bank.
19:29:46 Mission rgkl.takistan read from bank.
19:29:46 Mission rgkl.takistan read from bank.
19:29:46 Mission rgkl.takistan read from bank.
19:29:47 Mission rgkl.takistan read from bank.
19:29:47 Mission rgkl.takistan read from bank.
19:29:47 Mission rgkl.takistan read from bank.
19:29:48 Mission rgkl.takistan read from bank.
19:29:48 Mission rgkl.takistan read from bank.
